<?xml version="1.0" encoding="UTF-8"?>
<!-- Generated by org.testng.reporters.JUnitReportReporter -->
<testsuite skipped="0" hostname="LDCHLAP-PRADEEP" name="automation.Sample" tests="1" failures="0" timestamp="2020-11-13T10:31:16 IST" time="15.468" errors="0">
  <testcase name="login" time="15.468" classname="automation.Sample"/>
  <system-out/>
</testsuite> <!-- automation.Sample -->
